<?xml version="1.0" encoding="UTF-8"?>
<!-- Generated by org.testng.reporters.JUnitXMLReporter -->
<testsuite hostname="LP95" ignored="2" name="Test" tests="3" failures="0" timestamp="2022-10-10T15:10:20 IST" time="0.085" errors="0">
  <testcase name="jk" time="0.012" classname="testng.Revision2"/>
  <testcase name="klm" time="0.002" classname="testng.Revision2"/>
  <testcase name="ops" time="0.002" classname="testng.Revision2"/>
  <testcase name="hellos" time="0.0" classname="testng.Revision1">
    <ignored/>
  </testcase> <!-- hellos -->
  <testcase name="a" time="0.0" classname="testng.Revision1">
    <ignored/>
  </testcase> <!-- a -->
</testsuite> <!-- Test -->
