<?xml version="1.0" encoding="UTF-8"?>
<testng-results skipped="0" failed="0" ignored="0" total="1" passed="1">
  <reporter-output>
  </reporter-output>
  <suite name="Default suite" duration-ms="11367" started-at="2022-10-24T20:01:44 IST" finished-at="2022-10-24T20:01:55 IST">
    <groups>
    </groups>
    <test name="Default test" duration-ms="11367" started-at="2022-10-24T20:01:44 IST" finished-at="2022-10-24T20:01:55 IST">
      <class name="Academy.Homepage">
        <test-method status="PASS" signature="Test1()[pri:0, instance:Academy.Homepage@36b4cef0]" name="Test1" duration-ms="11293" started-at="2022-10-24T20:01:44 IST" finished-at="2022-10-24T20:01:55 IST">
          <reporter-output>
          </reporter-output>
        </test-method> <!-- Test1 -->
      </class> <!-- Academy.Homepage -->
    </test> <!-- Default test -->
  </suite> <!-- Default suite -->
</testng-results>
